15:07:48.144 [INFO] kmcp v0.9.5
15:07:48.144 [INFO]   https://github.com/shenwei356/kmcp
15:07:48.144 [INFO] 
15:07:48.144 [INFO] checking input files ...
15:07:48.144 [INFO]   2 input file(s) given
15:07:48.144 [INFO] checking the database: refs-k21-n10.kmcp/
15:07:48.144 [INFO] loading database with mmap enabled ...
15:07:48.144 [INFO]   number of extra workers for every index file: 1
15:07:48.145 [INFO] database loaded: refs-k21-n10.kmcp/
15:07:48.145 [INFO] 
15:07:48.145 [INFO] -------------------- [main parameters] --------------------
15:07:48.145 [INFO]   minimum    query length: 30
15:07:48.145 [INFO]   minimum  matched k-mers: 10
15:07:48.145 [INFO]   minimum  query coverage: 0.550000
15:07:48.145 [INFO]   minimum target coverage: 0.000000
15:07:48.145 [INFO] -------------------- [main parameters] --------------------
15:07:48.145 [INFO] 
15:07:48.145 [INFO] searching ...
15:07:48.147 [INFO] reading sequence file: mock_1.fastq.gz
15:07:48.868 [INFO] reading sequence file: mock_2.fastq.gz
15:07:49.573 [INFO] 
15:07:49.573 [INFO] processed queries: 349084, speed: 14.671 million queries per minute
15:07:49.573 [INFO] 88.4713% (308839/349084) queries matched
15:07:49.573 [INFO] done searching
15:07:49.573 [INFO] search results saved to: mock.kmcp.gz
15:07:49.588 [INFO] 
15:07:49.588 [INFO] elapsed time: 1.444290843s
15:07:49.588 [INFO] 
