16:50:26.171 [INFO] kmcp v0.8.5
16:50:26.171 [INFO]   https://github.com/shenwei356/kmcp
16:50:26.171 [INFO] 
16:50:26.171 [INFO] checking input files ...
16:50:26.171 [INFO]   1 input file(s) given
16:50:26.171 [INFO] loading database with mmap enabled ...
16:50:26.172 [INFO] database loaded: refs-k21-n10.kmcp/
16:50:26.172 [INFO] 
16:50:26.172 [INFO] -------------------- [main parameters] --------------------
16:50:26.172 [INFO]   minimum    query length: 30
16:50:26.172 [INFO]   minimum  matched k-mers: 10
16:50:26.172 [INFO]   minimum  query coverage: 0.550000
16:50:26.172 [INFO]   minimum target coverage: 0.000000
16:50:26.172 [INFO] -------------------- [main parameters] --------------------
16:50:26.172 [INFO] 
16:50:26.172 [INFO] searching ...
16:50:26.172 [INFO] reading sequence file: mock1.fastq.gz
16:50:29.364 [INFO] 
16:50:29.364 [INFO] processed queries: 518111, speed: 9.740 million queries per minute
16:50:29.364 [INFO] 97.8931% (507195/518111) queries matched
16:50:29.364 [INFO] done searching
16:50:29.369 [INFO] 
16:50:29.369 [INFO] elapsed time: 3.197664675s
16:50:29.369 [INFO] 
