16:46:41.474 [INFO] kmcp v0.8.5
16:46:41.474 [INFO]   https://github.com/shenwei356/kmcp
16:46:41.474 [INFO] 
16:46:41.475 [INFO] checking input files ...
16:46:41.475 [INFO]   2 input file(s) given
16:46:41.475 [INFO] loading database with mmap enabled ...
16:46:41.475 [INFO] database loaded: refs-k21-n10.kmcp/
16:46:41.475 [INFO] 
16:46:41.475 [INFO] -------------------- [main parameters] --------------------
16:46:41.475 [INFO]   minimum    query length: 30
16:46:41.475 [INFO]   minimum  matched k-mers: 10
16:46:41.475 [INFO]   minimum  query coverage: 0.550000
16:46:41.475 [INFO]   minimum target coverage: 0.000000
16:46:41.475 [INFO] -------------------- [main parameters] --------------------
16:46:41.475 [INFO] 
16:46:41.476 [INFO] searching ...
16:46:41.477 [INFO] reading sequence file: mock2_1.fastq.gz
16:46:42.523 [INFO] reading sequence file: mock2_2.fastq.gz
16:46:43.561 [INFO] 
16:46:43.561 [INFO] processed queries: 343824, speed: 9.894 million queries per minute
16:46:43.561 [INFO] 89.3701% (307276/343824) queries matched
16:46:43.561 [INFO] done searching
16:46:43.565 [INFO] 
16:46:43.565 [INFO] elapsed time: 2.090315874s
16:46:43.565 [INFO] 
