15:07:56.512 [INFO] using a lot of threads does not always accelerate processing, 4-threads is fast enough
15:07:56.512 [INFO] kmcp v0.9.5
15:07:56.512 [INFO]   https://github.com/shenwei356/kmcp
15:07:56.512 [INFO] 
15:07:56.512 [INFO] checking input files ...
15:07:56.512 [INFO]   1 input file(s) given
15:07:56.512 [INFO] loading TaxId mapping file ...
15:07:56.512 [INFO]   15 pairs of TaxId mapping values from 1 file(s) loaded
15:07:56.512 [INFO] loading Taxonomy from: taxdump-custom/
15:07:56.512 [INFO]   44 nodes in 8 ranks loaded
15:07:56.512 [INFO]   0 merged nodes loaded
15:07:56.513 [INFO]   0 deleted nodes loaded
15:07:56.513 [INFO]   44 names loaded
15:07:56.513 [INFO] 
15:07:56.513 [INFO] -------------------- [main parameters] --------------------
15:07:56.513 [INFO] match filtration: 
15:07:56.513 [INFO]   maximum false positive rate: 0.010000
15:07:56.513 [INFO]   minimum query coverage: 0.550000
15:07:56.513 [INFO]   keep matches with the top N scores: N=0
15:07:56.513 [INFO]   only keep the full matches: false
15:07:56.513 [INFO]   only keep main matches: false, maximum score gap: 0.400000
15:07:56.513 [INFO] 
15:07:56.513 [INFO] deciding the existence of a reference:
15:07:56.513 [INFO]   preset profiling mode: 1
15:07:56.513 [INFO]   minimum number of reads per reference chunk: 5
15:07:56.513 [INFO]   minimum number of uniquely matched reads: 2
15:07:56.513 [INFO]   minimum proportion of matched reference chunks: 0.600000
15:07:56.513 [INFO]   maximum standard deviation of relative depths of all chunks: 2.000000
15:07:56.513 [INFO] 
15:07:56.513 [INFO]   minimum number of high-confidence uniquely matched reads: 1
15:07:56.513 [INFO]   minimum query coverage of high-confidence uniquely matched reads: 0.700000
15:07:56.513 [INFO]   minimum proportion of high-confidence uniquely matched reads: 0.100000
15:07:56.513 [INFO] 
15:07:56.513 [INFO] taxonomy data:
15:07:56.513 [INFO]   taxdump directory: taxdump-custom/
15:07:56.513 [INFO]   mapping reference IDs to TaxIds: [taxdump-custom/taxid.map]
15:07:56.513 [INFO] 
15:07:56.513 [INFO] reporting:
15:07:56.513 [INFO]   default format   : mock.kmcp.gz.kmcp.profile
15:07:56.513 [INFO]   CAMI format      : mock.kmcp.gz.cami.profile
15:07:56.513 [INFO]     Sample ID      : 0
15:07:56.513 [INFO]   MetaPhlAn3 format: mock.kmcp.gz.metaphlan.profile
15:07:56.513 [INFO]     Sample ID      : 0
15:07:56.513 [INFO]     Taxonomy ID    : 
15:07:56.513 [INFO]   Binning result   : mock.kmcp.gz.binning.gz
15:07:56.513 [INFO] -------------------- [main parameters] --------------------
15:07:56.513 [INFO] 
15:07:56.513 [INFO] stage 1/4: counting matches and unique matches for filtering out low-confidence references
15:07:56.513 [INFO]   parsing file: mock.kmcp.gz
15:07:56.667 [INFO]   number of references in search result: 15
15:07:56.667 [INFO]   number of estimated references: 15
15:07:56.667 [INFO]   elapsed time: 153.656264ms
15:07:56.667 [INFO] 
15:07:56.667 [INFO] stage 2/4: counting ambiguous matches for correcting matches
15:07:56.667 [INFO]   parsing file: mock.kmcp.gz
15:07:56.787 [INFO]   elapsed time: 120.329685ms
15:07:56.788 [INFO] 
15:07:56.788 [INFO] stage 3/4: recounting matches and unique matches
15:07:56.788 [INFO]   parsing file: mock.kmcp.gz
15:07:56.969 [INFO]   number of estimated references: 15
15:07:56.969 [INFO]   elapsed time: 181.726708ms
15:07:56.969 [INFO] 
15:07:56.969 [INFO] stage 4/4: estimating abundance using EM algorithm
15:07:56.969 [INFO]   initialization step
15:07:56.969 [INFO]     parsing file: mock.kmcp.gz
15:07:57.123 [INFO]     number of estimated references: 15
15:07:57.123 [INFO]     elapsed time: 153.89645ms
15:07:57.123 [INFO]   iteration #1
15:07:57.123 [INFO]     parsing file: mock.kmcp.gz
15:07:57.282 [INFO]     elapsed time: 158.966458ms
15:07:57.282 [INFO]   iteration #2
15:07:57.283 [INFO]     parsing file: mock.kmcp.gz
15:07:57.453 [INFO]     elapsed time: 170.96056ms
15:07:57.454 [INFO]   iteration #3
15:07:57.454 [INFO]     parsing file: mock.kmcp.gz
15:07:57.612 [INFO]     elapsed time: 158.429726ms
15:07:57.612 [INFO]   iteration #4
15:07:57.612 [INFO]     parsing file: mock.kmcp.gz
15:07:57.771 [INFO]     elapsed time: 158.831524ms
15:07:57.771 [INFO]     stop iterating after abundances being converged
15:07:57.771 [INFO]   number of estimated references: 15
15:07:57.771 [INFO]   elapsed time: 801.698693ms
15:07:57.771 [INFO] 
15:07:57.771 [INFO] 88.4713% (308839/349084) reads matched
15:07:57.771 [INFO] 
15:07:57.771 [INFO] 100.0000% (308839/308839) matched reads belong to the 15 references in the profile
15:07:57.771 [INFO] 
15:07:57.771 [INFO] writting binning result...
15:07:57.771 [INFO]   parsing file: mock.kmcp.gz
15:07:57.930 [INFO] 
15:07:57.930 [INFO]   308839 binning results are save to mock.kmcp.gz.binning.gz
15:07:57.938 [INFO] 
15:07:57.938 [INFO] elapsed time: 1.425962445s
15:07:57.938 [INFO] 
